Using pre-set license
Built from '2020.3/staging' branch; Version is '2020.3.28f1 (f5400f52e03f) revision 16072719'; Using compiler version '192528614'; Build Type 'Release'
OS: 'Windows 10  (10.0.19044) 64bit CoreSingleLanguage' Language: 'es' Physical Memory: 7560 MB
BatchMode: 1, IsHumanControllingUs: 0, StartBugReporterOnCrash: 0, Is64bit: 1, IsPro: 0

COMMAND LINE ARGUMENTS:
C:\Program Files\Unity\Hub\Editor\2020.3.28f1\Editor\Unity.exe
-adb2
-batchMode
-noUpm
-name
AssetImportWorker0
-projectPath
C:/Users/ja-ke/Documents/GitHub/JuanKondo-pasoApaso/Paso a paso JuanKondo
-logFile
Logs/AssetImportWorker0.log
-srvPort
49356
Successfully changed project path to: C:/Users/ja-ke/Documents/GitHub/JuanKondo-pasoApaso/Paso a paso JuanKondo
C:/Users/ja-ke/Documents/GitHub/JuanKondo-pasoApaso/Paso a paso JuanKondo
Using Asset Import Pipeline V2.
Refreshing native plugins compatible for Editor in 66.28 ms, found 2 plugins.
Preloading 0 native plugins for Editor in 0.00 ms.
Initialize engine version: 2020.3.28f1 (f5400f52e03f)
[Subsystems] Discovering subsystems at path C:/Program Files/Unity/Hub/Editor/2020.3.28f1/Editor/Data/Resources/UnitySubsystems
[Subsystems] Discovering subsystems at path C:/Users/ja-ke/Documents/GitHub/JuanKondo-pasoApaso/Paso a paso JuanKondo/Assets
GfxDevice: creating device client; threaded=0
Direct3D:
    Version:  Direct3D 11.0 [level 11.1]
    Renderer: AMD Radeon(TM) Graphics (ID=0x164c)
    Vendor:   
    VRAM:     3780 MB
    Driver:   27.20.14064.3
Initialize mono
Mono path[0] = 'C:/Program Files/Unity/Hub/Editor/2020.3.28f1/Editor/Data/Managed'
Mono path[1] = 'C:/Program Files/Unity/Hub/Editor/2020.3.28f1/Editor/Data/MonoBleedingEdge/lib/mono/unityjit'
Mono config path = 'C:/Program Files/Unity/Hub/Editor/2020.3.28f1/Editor/Data/MonoBleedingEdge/etc'
Using monoOptions --debugger-agent=transport=dt_socket,embedding=1,server=y,suspend=n,address=127.0.0.1:56456
Begin MonoManager ReloadAssembly
Registering precompiled unity dll's ...
Register platform support module: C:/Program Files/Unity/Hub/Editor/2020.3.28f1/Editor/Data/PlaybackEngines/WindowsStandaloneSupport/UnityEditor.WindowsStandalone.Extensions.dll
Registered in 0.004180 seconds.
Native extension for WindowsStandalone target not found
Refreshing native plugins compatible for Editor in 70.54 ms, found 2 plugins.
Preloading 0 native plugins for Editor in 0.00 ms.
Mono: successfully reloaded assembly
- Completed reload, in  1.131 seconds
Domain Reload Profiling:
	ReloadAssembly (1131ms)
		BeginReloadAssembly (129ms)
			ExecutionOrderSort (0ms)
			DisableScriptedObjects (0ms)
			BackupInstance (0ms)
			ReleaseScriptingObjects (0ms)
			CreateAndSetChildDomain (1ms)
		EndReloadAssembly (854ms)
			LoadAssemblies (124ms)
			RebuildTransferFunctionScriptingTraits (0ms)
			SetupTypeCache (295ms)
			ReleaseScriptCaches (0ms)
			RebuildScriptCaches (59ms)
			SetupLoadedEditorAssemblies (309ms)
				LogAssemblyErrors (0ms)
				InitializePlatformSupportModulesInManaged (8ms)
				SetLoadedEditorAssemblies (0ms)
				RefreshPlugins (71ms)
				BeforeProcessingInitializeOnLoad (32ms)
				ProcessInitializeOnLoadAttributes (145ms)
				ProcessInitializeOnLoadMethodAttributes (53ms)
				AfterProcessingInitializeOnLoad (0ms)
				EditorAssembliesLoaded (0ms)
			ExecutionOrderSort2 (0ms)
			AwakeInstancesAfterBackupRestoration (0ms)
Platform modules already initialized, skipping
Registering precompiled user dll's ...
Registered in 0.007660 seconds.
Begin MonoManager ReloadAssembly
Native extension for WindowsStandalone target not found
Refreshing native plugins compatible for Editor in 0.63 ms, found 2 plugins.
Preloading 0 native plugins for Editor in 0.00 ms.
Mono: successfully reloaded assembly
- Completed reload, in  1.895 seconds
Domain Reload Profiling:
	ReloadAssembly (1897ms)
		BeginReloadAssembly (274ms)
			ExecutionOrderSort (0ms)
			DisableScriptedObjects (8ms)
			BackupInstance (0ms)
			ReleaseScriptingObjects (0ms)
			CreateAndSetChildDomain (32ms)
		EndReloadAssembly (1505ms)
			LoadAssemblies (165ms)
			RebuildTransferFunctionScriptingTraits (0ms)
			SetupTypeCache (520ms)
			ReleaseScriptCaches (1ms)
			RebuildScriptCaches (76ms)
			SetupLoadedEditorAssemblies (581ms)
				LogAssemblyErrors (0ms)
				InitializePlatformSupportModulesInManaged (8ms)
				SetLoadedEditorAssemblies (1ms)
				RefreshPlugins (1ms)
				BeforeProcessingInitializeOnLoad (149ms)
				ProcessInitializeOnLoadAttributes (391ms)
				ProcessInitializeOnLoadMethodAttributes (19ms)
				AfterProcessingInitializeOnLoad (12ms)
				EditorAssembliesLoaded (1ms)
			ExecutionOrderSort2 (0ms)
			AwakeInstancesAfterBackupRestoration (12ms)
Platform modules already initialized, skipping
========================================================================
Worker process is ready to serve import requests
Launched and connected shader compiler UnityShaderCompiler.exe after 0.14 seconds
Refreshing native plugins compatible for Editor in 0.66 ms, found 2 plugins.
Preloading 0 native plugins for Editor in 0.00 ms.
Unloading 1515 Unused Serialized files (Serialized files now loaded: 0)
System memory in use before: 69.3 MB.
System memory in use after: 69.3 MB.

Unloading 19 unused Assets to reduce memory usage. Loaded Objects now: 1947.
Total: 5.473100 ms (FindLiveObjects: 0.241000 ms CreateObjectMapping: 0.096500 ms MarkObjects: 5.017000 ms  DeleteObjects: 0.116200 ms)

AssetImportParameters requested are different than current active one (requested -> active):
  custom:framework-win-MediaFoundation: 216162199b28c13a410421893ffa2e32 -> 
  custom:video-decoder-ogg-theora: a1e56fd34408186e4bbccfd4996cb3dc -> 
  custom:container-muxer-webm: aa71ff27fc2769a1b78a27578f13a17b -> 
  custom:container-demuxer-webm: 4f35f7cbe854078d1ac9338744f61a02 -> 
  custom:container-demuxer-ogg: 62fdf1f143b41e24485cea50d1cbac27 -> 
  custom:video-encoder-webm-vp8: eb34c28f22e8b96e1ab97ce403110664 -> 
  custom:video-decoder-webm-vp8: 9c59270c3fd7afecdb556c50c9e8de78 -> 
  custom:audio-decoder-ogg-vorbis: bf7c407c2cedff20999df2af8eb42d56 -> 
  custom:audio-encoder-webm-vorbis: bf7c407c2cedff20999df2af8eb42d56 -> 
========================================================================
Received Import Request.
  path: Assets/Arcade_Car_Physics/Prefabs
  artifactKey: Guid(a54c188cddc4740c29a4939815cc78dc) Importer(815301076,1909f56bfc062723c751e8b465ee728b)
Start importing Assets/Arcade_Car_Physics/Prefabs using Guid(a54c188cddc4740c29a4939815cc78dc) Importer(815301076,1909f56bfc062723c751e8b465ee728b)  -> (artifact id: '555ec957abcdaf2bf1a45f6a70a0228a') in 0.021110 seconds 
  Import took 0.026495 seconds .

========================================================================
Received Import Request.
  Time since last request: 0.000405 seconds.
  path: Assets/Arcade_Car_Physics/DemoWorld.prefab
  artifactKey: Guid(b24f006dd77a94f649454da633b6e015) Importer(815301076,1909f56bfc062723c751e8b465ee728b)
Start importing Assets/Arcade_Car_Physics/DemoWorld.prefab using Guid(b24f006dd77a94f649454da633b6e015) Importer(815301076,1909f56bfc062723c751e8b465ee728b)  -> (artifact id: 'adc3e56a9c036fc819e9083d4a402ce0') in 0.290718 seconds 
  Import took 0.298929 seconds .

========================================================================
Received Import Request.
  Time since last request: 0.000351 seconds.
  path: Assets/Arcade_Car_Physics/SkyboxMat.mat
  artifactKey: Guid(6a083af3e5437ff00a4b2b07b05d7b58) Importer(815301076,1909f56bfc062723c751e8b465ee728b)
Start importing Assets/Arcade_Car_Physics/SkyboxMat.mat using Guid(6a083af3e5437ff00a4b2b07b05d7b58) Importer(815301076,1909f56bfc062723c751e8b465ee728b)  -> (artifact id: '7ef8893073ea23ebff2fc75a5518645e') in 0.074096 seconds 
  Import took 0.079541 seconds .

========================================================================
Received Import Request.
  Time since last request: 0.000330 seconds.
  path: Assets/Arcade_Car_Physics/CarBody.physicMaterial
  artifactKey: Guid(d95b5e49839d84ee191c3c6961b60124) Importer(815301076,1909f56bfc062723c751e8b465ee728b)
Start importing Assets/Arcade_Car_Physics/CarBody.physicMaterial using Guid(d95b5e49839d84ee191c3c6961b60124) Importer(815301076,1909f56bfc062723c751e8b465ee728b)  -> (artifact id: '2c332b8c0d4e18185f574a469e1c6115') in 0.012745 seconds 
  Import took 0.016893 seconds .

========================================================================
Received Import Request.
  Time since last request: 0.000330 seconds.
  path: Assets/Arcade_Car_Physics/DemoInputs.asset
  artifactKey: Guid(aa7cb0d7aa0bdc275ba25985f96c9bd5) Importer(815301076,1909f56bfc062723c751e8b465ee728b)
Start importing Assets/Arcade_Car_Physics/DemoInputs.asset using Guid(aa7cb0d7aa0bdc275ba25985f96c9bd5) Importer(815301076,1909f56bfc062723c751e8b465ee728b)  -> (artifact id: '1c497ef6234dea678708521f6f617539') in 0.012644 seconds 
  Import took 0.017493 seconds .

========================================================================
Received Import Request.
  Time since last request: 2.311670 seconds.
  path: Assets/Arcade_Car_Physics/Prefabs/Bike01.prefab
  artifactKey: Guid(5e5a894b7c3de45d0a6a52e02ed4458f) Importer(815301076,1909f56bfc062723c751e8b465ee728b)
Start importing Assets/Arcade_Car_Physics/Prefabs/Bike01.prefab using Guid(5e5a894b7c3de45d0a6a52e02ed4458f) Importer(815301076,1909f56bfc062723c751e8b465ee728b)  -> (artifact id: 'e9ab8c3e3f0c30ef7d6b12e41250bd33') in 0.135659 seconds 
  Import took 0.141660 seconds .

========================================================================
Received Import Request.
  Time since last request: 0.000375 seconds.
  path: Assets/Arcade_Car_Physics/Prefabs/Tank01.prefab
  artifactKey: Guid(621f39d42064c425689e2e90fe270e4b) Importer(815301076,1909f56bfc062723c751e8b465ee728b)
Start importing Assets/Arcade_Car_Physics/Prefabs/Tank01.prefab using Guid(621f39d42064c425689e2e90fe270e4b) Importer(815301076,1909f56bfc062723c751e8b465ee728b)  -> (artifact id: '3958cdb312a85dd798f03a8c750be6a6') in 0.028200 seconds 
  Import took 0.033433 seconds .

========================================================================
Received Import Request.
  Time since last request: 0.000336 seconds.
  path: Assets/Arcade_Car_Physics/Prefabs/Car01.prefab
  artifactKey: Guid(cd5e7f64f2260438cb7830953c384a5e) Importer(815301076,1909f56bfc062723c751e8b465ee728b)
Start importing Assets/Arcade_Car_Physics/Prefabs/Car01.prefab using Guid(cd5e7f64f2260438cb7830953c384a5e) Importer(815301076,1909f56bfc062723c751e8b465ee728b)  -> (artifact id: 'b5ba2c6ef3ec15dd1a0d2df7927f7872') in 0.038728 seconds 
  Import took 0.044847 seconds .

========================================================================
Received Import Request.
  Time since last request: 0.000348 seconds.
  path: Assets/Arcade_Car_Physics/Prefabs/Truck01.prefab
  artifactKey: Guid(7c4c92a669340bf6cb40a22ce72a1a28) Importer(815301076,1909f56bfc062723c751e8b465ee728b)
Start importing Assets/Arcade_Car_Physics/Prefabs/Truck01.prefab using Guid(7c4c92a669340bf6cb40a22ce72a1a28) Importer(815301076,1909f56bfc062723c751e8b465ee728b)  -> (artifact id: 'dc95fcfcd71bc1480de47c0e75850df7') in 0.039954 seconds 
  Import took 0.046846 seconds .

========================================================================
Received Import Request.
  Time since last request: 0.000353 seconds.
  path: Assets/Arcade_Car_Physics/Prefabs/Truck01Assembled.prefab
  artifactKey: Guid(526c4681f3669acaea04d297c5bbe304) Importer(815301076,1909f56bfc062723c751e8b465ee728b)
Start importing Assets/Arcade_Car_Physics/Prefabs/Truck01Assembled.prefab using Guid(526c4681f3669acaea04d297c5bbe304) Importer(815301076,1909f56bfc062723c751e8b465ee728b)  -> (artifact id: '230cb0e21860db431942ca0dfd6246bb') in 0.034762 seconds 
  Import took 0.040312 seconds .

========================================================================
Received Import Request.
  Time since last request: 0.000345 seconds.
  path: Assets/Arcade_Car_Physics/Prefabs/Car03.prefab
  artifactKey: Guid(0e395c70fae214776ac9f3f8cb609d69) Importer(815301076,1909f56bfc062723c751e8b465ee728b)
Start importing Assets/Arcade_Car_Physics/Prefabs/Car03.prefab using Guid(0e395c70fae214776ac9f3f8cb609d69) Importer(815301076,1909f56bfc062723c751e8b465ee728b)  -> (artifact id: '832aace24f3f28dc944b27198b889de9') in 0.032186 seconds 
  Import took 0.037825 seconds .

========================================================================
Received Import Request.
  Time since last request: 0.000423 seconds.
  path: Assets/Arcade_Car_Physics/Prefabs/Car06.prefab
  artifactKey: Guid(977c26c2b2cf744088ebb8a3f5d77386) Importer(815301076,1909f56bfc062723c751e8b465ee728b)
Start importing Assets/Arcade_Car_Physics/Prefabs/Car06.prefab using Guid(977c26c2b2cf744088ebb8a3f5d77386) Importer(815301076,1909f56bfc062723c751e8b465ee728b)  -> (artifact id: '038e5308d35236252f03ce0f3e8a9d7c') in 0.035610 seconds 
  Import took 0.078462 seconds .

========================================================================
Received Import Request.
  Time since last request: 0.000392 seconds.
  path: Assets/Arcade_Car_Physics/Prefabs/MonsterTruck01.prefab
  artifactKey: Guid(3bfad089e9aa740079c104d17b36d5e7) Importer(815301076,1909f56bfc062723c751e8b465ee728b)
Start importing Assets/Arcade_Car_Physics/Prefabs/MonsterTruck01.prefab using Guid(3bfad089e9aa740079c104d17b36d5e7) Importer(815301076,1909f56bfc062723c751e8b465ee728b)  -> (artifact id: '9a942d93667937f3d6252c41708bcda2') in 0.031298 seconds 
  Import took 0.037511 seconds .

========================================================================
Received Import Request.
  Time since last request: 0.000395 seconds.
  path: Assets/Arcade_Car_Physics/Prefabs/Car04.prefab
  artifactKey: Guid(ca6c5ed69981a7c35924ab5a07de885b) Importer(815301076,1909f56bfc062723c751e8b465ee728b)
Start importing Assets/Arcade_Car_Physics/Prefabs/Car04.prefab using Guid(ca6c5ed69981a7c35924ab5a07de885b) Importer(815301076,1909f56bfc062723c751e8b465ee728b)  -> (artifact id: 'c87228c5879cea5c30329eb10e2cbd4d') in 0.034718 seconds 
  Import took 0.040757 seconds .

========================================================================
Received Import Request.
  Time since last request: 0.000517 seconds.
  path: Assets/Arcade_Car_Physics/Prefabs/Car02.prefab
  artifactKey: Guid(af384ca59b0f24483b0163f2ae19fe10) Importer(815301076,1909f56bfc062723c751e8b465ee728b)
Start importing Assets/Arcade_Car_Physics/Prefabs/Car02.prefab using Guid(af384ca59b0f24483b0163f2ae19fe10) Importer(815301076,1909f56bfc062723c751e8b465ee728b)  -> (artifact id: 'c728a62d76b8c1df839c3d8f59440601') in 0.037771 seconds 
  Import took 0.044331 seconds .

========================================================================
Received Import Request.
  Time since last request: 0.000371 seconds.
  path: Assets/Arcade_Car_Physics/Prefabs/Car05.prefab
  artifactKey: Guid(d336129092c294dbc9e704e522469cbe) Importer(815301076,1909f56bfc062723c751e8b465ee728b)
Start importing Assets/Arcade_Car_Physics/Prefabs/Car05.prefab using Guid(d336129092c294dbc9e704e522469cbe) Importer(815301076,1909f56bfc062723c751e8b465ee728b)  -> (artifact id: '09f3f129b34728d0f57080388233cbf6') in 0.032344 seconds 
  Import took 0.038319 seconds .

========================================================================
Received Import Request.
  Time since last request: 0.000377 seconds.
  path: Assets/Arcade_Car_Physics/Prefabs/Trailor01.prefab
  artifactKey: Guid(6807f53470d2464a6aaa9df2fea62327) Importer(815301076,1909f56bfc062723c751e8b465ee728b)
Start importing Assets/Arcade_Car_Physics/Prefabs/Trailor01.prefab using Guid(6807f53470d2464a6aaa9df2fea62327) Importer(815301076,1909f56bfc062723c751e8b465ee728b)  -> (artifact id: '208e18175aecafc2e4789903f6c31b8b') in 0.023512 seconds 
  Import took 0.028085 seconds .

========================================================================
Received Prepare
Registering precompiled user dll's ...
Registered in 0.007153 seconds.
Begin MonoManager ReloadAssembly
Native extension for WindowsStandalone target not found
Refreshing native plugins compatible for Editor in 0.64 ms, found 2 plugins.
Preloading 0 native plugins for Editor in 0.00 ms.
Mono: successfully reloaded assembly
- Completed reload, in  2.041 seconds
Domain Reload Profiling:
	ReloadAssembly (2042ms)
		BeginReloadAssembly (192ms)
			ExecutionOrderSort (0ms)
			DisableScriptedObjects (7ms)
			BackupInstance (0ms)
			ReleaseScriptingObjects (0ms)
			CreateAndSetChildDomain (55ms)
		EndReloadAssembly (1733ms)
			LoadAssemblies (167ms)
			RebuildTransferFunctionScriptingTraits (0ms)
			SetupTypeCache (509ms)
			ReleaseScriptCaches (1ms)
			RebuildScriptCaches (67ms)
			SetupLoadedEditorAssemblies (817ms)
				LogAssemblyErrors (0ms)
				InitializePlatformSupportModulesInManaged (8ms)
				SetLoadedEditorAssemblies (1ms)
				RefreshPlugins (1ms)
				BeforeProcessingInitializeOnLoad (135ms)
				ProcessInitializeOnLoadAttributes (625ms)
				ProcessInitializeOnLoadMethodAttributes (33ms)
				AfterProcessingInitializeOnLoad (13ms)
				EditorAssembliesLoaded (1ms)
			ExecutionOrderSort2 (0ms)
			AwakeInstancesAfterBackupRestoration (15ms)
Platform modules already initialized, skipping
Refreshing native plugins compatible for Editor in 1.12 ms, found 2 plugins.
Preloading 0 native plugins for Editor in 0.00 ms.
Unloading 1508 Unused Serialized files (Serialized files now loaded: 0)
System memory in use before: 72.9 MB.
System memory in use after: 72.9 MB.

Unloading 17 unused Assets to reduce memory usage. Loaded Objects now: 1995.
Total: 6.992700 ms (FindLiveObjects: 0.372100 ms CreateObjectMapping: 0.102400 ms MarkObjects: 6.383300 ms  DeleteObjects: 0.132800 ms)

AssetImportParameters requested are different than current active one (requested -> active):
  custom:framework-win-MediaFoundation: 216162199b28c13a410421893ffa2e32 -> 
  custom:video-decoder-ogg-theora: a1e56fd34408186e4bbccfd4996cb3dc -> 
  custom:container-muxer-webm: aa71ff27fc2769a1b78a27578f13a17b -> 
  custom:container-demuxer-webm: 4f35f7cbe854078d1ac9338744f61a02 -> 
  custom:container-demuxer-ogg: 62fdf1f143b41e24485cea50d1cbac27 -> 
  custom:video-encoder-webm-vp8: eb34c28f22e8b96e1ab97ce403110664 -> 
  custom:video-decoder-webm-vp8: 9c59270c3fd7afecdb556c50c9e8de78 -> 
  custom:audio-decoder-ogg-vorbis: bf7c407c2cedff20999df2af8eb42d56 -> 
  custom:audio-encoder-webm-vorbis: bf7c407c2cedff20999df2af8eb42d56 -> 
========================================================================
Received Prepare
Registering precompiled user dll's ...
Registered in 0.008748 seconds.
Begin MonoManager ReloadAssembly
Native extension for WindowsStandalone target not found
Refreshing native plugins compatible for Editor in 0.63 ms, found 2 plugins.
Preloading 0 native plugins for Editor in 0.00 ms.
Mono: successfully reloaded assembly
- Completed reload, in  1.852 seconds
Domain Reload Profiling:
	ReloadAssembly (1853ms)
		BeginReloadAssembly (193ms)
			ExecutionOrderSort (0ms)
			DisableScriptedObjects (7ms)
			BackupInstance (0ms)
			ReleaseScriptingObjects (0ms)
			CreateAndSetChildDomain (52ms)
		EndReloadAssembly (1542ms)
			LoadAssemblies (177ms)
			RebuildTransferFunctionScriptingTraits (0ms)
			SetupTypeCache (579ms)
			ReleaseScriptCaches (1ms)
			RebuildScriptCaches (71ms)
			SetupLoadedEditorAssemblies (552ms)
				LogAssemblyErrors (0ms)
				InitializePlatformSupportModulesInManaged (8ms)
				SetLoadedEditorAssemblies (1ms)
				RefreshPlugins (1ms)
				BeforeProcessingInitializeOnLoad (137ms)
				ProcessInitializeOnLoadAttributes (372ms)
				ProcessInitializeOnLoadMethodAttributes (22ms)
				AfterProcessingInitializeOnLoad (11ms)
				EditorAssembliesLoaded (0ms)
			ExecutionOrderSort2 (0ms)
			AwakeInstancesAfterBackupRestoration (13ms)
Platform modules already initialized, skipping
Refreshing native plugins compatible for Editor in 0.63 ms, found 2 plugins.
Preloading 0 native plugins for Editor in 0.00 ms.
Unloading 1508 Unused Serialized files (Serialized files now loaded: 0)
System memory in use before: 72.9 MB.
System memory in use after: 73.0 MB.

Unloading 14 unused Assets to reduce memory usage. Loaded Objects now: 1997.
Total: 5.768600 ms (FindLiveObjects: 0.248600 ms CreateObjectMapping: 0.087700 ms MarkObjects: 5.392100 ms  DeleteObjects: 0.038700 ms)

AssetImportParameters requested are different than current active one (requested -> active):
  custom:framework-win-MediaFoundation: 216162199b28c13a410421893ffa2e32 -> 
  custom:video-decoder-ogg-theora: a1e56fd34408186e4bbccfd4996cb3dc -> 
  custom:container-muxer-webm: aa71ff27fc2769a1b78a27578f13a17b -> 
  custom:container-demuxer-webm: 4f35f7cbe854078d1ac9338744f61a02 -> 
  custom:container-demuxer-ogg: 62fdf1f143b41e24485cea50d1cbac27 -> 
  custom:video-encoder-webm-vp8: eb34c28f22e8b96e1ab97ce403110664 -> 
  custom:video-decoder-webm-vp8: 9c59270c3fd7afecdb556c50c9e8de78 -> 
  custom:audio-decoder-ogg-vorbis: bf7c407c2cedff20999df2af8eb42d56 -> 
  custom:audio-encoder-webm-vorbis: bf7c407c2cedff20999df2af8eb42d56 -> 
========================================================================
Received Import Request.
  Time since last request: 2392.299893 seconds.
  path: Assets/STYLIZED - FREE Drift Car/Scenes
  artifactKey: Guid(be7c88f0f5c7bab4c93ad332fac9da2f) Importer(815301076,1909f56bfc062723c751e8b465ee728b)
Start importing Assets/STYLIZED - FREE Drift Car/Scenes using Guid(be7c88f0f5c7bab4c93ad332fac9da2f) Importer(815301076,1909f56bfc062723c751e8b465ee728b)  -> (artifact id: '1af077c971c4413cf408af8c57219082') in 0.058495 seconds 
  Import took 0.064180 seconds .

========================================================================
Received Import Request.
  Time since last request: 1.780672 seconds.
  path: Assets/STYLIZED - FREE Drift Car/Scenes/PostProcessing/Volume Profile.asset
  artifactKey: Guid(0a5e6cbbba855264ca194d16a106b3ee) Importer(815301076,1909f56bfc062723c751e8b465ee728b)
Start importing Assets/STYLIZED - FREE Drift Car/Scenes/PostProcessing/Volume Profile.asset using Guid(0a5e6cbbba855264ca194d16a106b3ee) Importer(815301076,1909f56bfc062723c751e8b465ee728b)  -> (artifact id: '9a098abab9d9298b3a7e769fe17d130a') in 0.016739 seconds 
  Import took 0.022613 seconds .

========================================================================
Received Import Request.
  Time since last request: 0.000446 seconds.
  path: Assets/STYLIZED - FREE Drift Car/Scenes/PostProcessing
  artifactKey: Guid(cb67cf9160fb3de46ab8210f0552fea0) Importer(815301076,1909f56bfc062723c751e8b465ee728b)
Start importing Assets/STYLIZED - FREE Drift Car/Scenes/PostProcessing using Guid(cb67cf9160fb3de46ab8210f0552fea0) Importer(815301076,1909f56bfc062723c751e8b465ee728b)  -> (artifact id: 'e8645e6c50adfd6f893c3c7002fb572e') in 0.011114 seconds 
  Import took 0.016335 seconds .

========================================================================
Received Import Request.
  Time since last request: 5.487912 seconds.
  path: Assets/STYLIZED - FREE Drift Car/Materials/Cars_Material.mat
  artifactKey: Guid(b8ff3dbf2d1811b488591cfb25be7ad1) Importer(815301076,1909f56bfc062723c751e8b465ee728b)
Start importing Assets/STYLIZED - FREE Drift Car/Materials/Cars_Material.mat using Guid(b8ff3dbf2d1811b488591cfb25be7ad1) Importer(815301076,1909f56bfc062723c751e8b465ee728b)  -> (artifact id: '8807d84e13c6912533a7009c06a39efb') in 0.452211 seconds 
  Import took 0.457511 seconds .

========================================================================
Received Import Request.
  Time since last request: 0.000511 seconds.
  path: Assets/STYLIZED - FREE Drift Car/Materials/Front_Lights_Material.mat
  artifactKey: Guid(8db262d26fcf2a94e88c9c276f6de722) Importer(815301076,1909f56bfc062723c751e8b465ee728b)
Start importing Assets/STYLIZED - FREE Drift Car/Materials/Front_Lights_Material.mat using Guid(8db262d26fcf2a94e88c9c276f6de722) Importer(815301076,1909f56bfc062723c751e8b465ee728b)  -> (artifact id: '49b6e1e4e701bf1af2a35a7f1597df86') in 0.254977 seconds 
  Import took 0.259817 seconds .

========================================================================
Received Import Request.
  Time since last request: 0.000371 seconds.
  path: Assets/STYLIZED - FREE Drift Car/Materials/Rear_Lights_Material.mat
  artifactKey: Guid(4a98cfae850de544680dc222604c30a4) Importer(815301076,1909f56bfc062723c751e8b465ee728b)
Start importing Assets/STYLIZED - FREE Drift Car/Materials/Rear_Lights_Material.mat using Guid(4a98cfae850de544680dc222604c30a4) Importer(815301076,1909f56bfc062723c751e8b465ee728b)  -> (artifact id: '4c4ab049e9366d4d867a460801f0b8fa') in 0.029462 seconds 
  Import took 0.035231 seconds .

========================================================================
Received Import Request.
  Time since last request: 0.000401 seconds.
  path: Assets/STYLIZED - FREE Drift Car/Materials
  artifactKey: Guid(733415382638c1246a77dac58287e44a) Importer(815301076,1909f56bfc062723c751e8b465ee728b)
Start importing Assets/STYLIZED - FREE Drift Car/Materials using Guid(733415382638c1246a77dac58287e44a) Importer(815301076,1909f56bfc062723c751e8b465ee728b)  -> (artifact id: 'ffc5117a5c3e4c8ca30b499d2855d11e') in 0.013035 seconds 
  Import took 0.017739 seconds .

========================================================================
Received Import Request.
  Time since last request: 204.438474 seconds.
  path: Assets/STYLIZED - FREE Drift Car/Prefabs
  artifactKey: Guid(24e2d3e15e9e26449b82eb76ceaff22c) Importer(815301076,1909f56bfc062723c751e8b465ee728b)
Start importing Assets/STYLIZED - FREE Drift Car/Prefabs using Guid(24e2d3e15e9e26449b82eb76ceaff22c) Importer(815301076,1909f56bfc062723c751e8b465ee728b)  -> (artifact id: 'f83c522a66aff07f8c4ae125a10d0919') in 0.016344 seconds 
  Import took 0.023208 seconds .

========================================================================
Received Import Request.
  Time since last request: 1.086278 seconds.
  path: Assets/STYLIZED - FREE Drift Car/Prefabs/RTI/RTI_Blue.prefab
  artifactKey: Guid(9d71ac273b96d3a4dad4d3d045e12374) Importer(815301076,1909f56bfc062723c751e8b465ee728b)
Start importing Assets/STYLIZED - FREE Drift Car/Prefabs/RTI/RTI_Blue.prefab using Guid(9d71ac273b96d3a4dad4d3d045e12374) Importer(815301076,1909f56bfc062723c751e8b465ee728b)  -> (artifact id: 'd90d526607a5848d0917b63a8c7c6157') in 0.091808 seconds 
  Import took 0.097061 seconds .

========================================================================
Received Import Request.
  Time since last request: 0.000374 seconds.
  path: Assets/STYLIZED - FREE Drift Car/Prefabs/RTI
  artifactKey: Guid(a22597bc5b633f842a5d71f59001ad66) Importer(815301076,1909f56bfc062723c751e8b465ee728b)
Start importing Assets/STYLIZED - FREE Drift Car/Prefabs/RTI using Guid(a22597bc5b633f842a5d71f59001ad66) Importer(815301076,1909f56bfc062723c751e8b465ee728b)  -> (artifact id: '2cae5164c73e7d8ff539f0d6beabe437') in 0.010731 seconds 
  Import took 0.015649 seconds .

========================================================================
Received Import Request.
  Time since last request: 0.000365 seconds.
  path: Assets/STYLIZED - FREE Drift Car/Prefabs/RTI/RTI_Yellow.prefab
  artifactKey: Guid(1e45980f21c0609498b024a56b2d836e) Importer(815301076,1909f56bfc062723c751e8b465ee728b)
Start importing Assets/STYLIZED - FREE Drift Car/Prefabs/RTI/RTI_Yellow.prefab using Guid(1e45980f21c0609498b024a56b2d836e) Importer(815301076,1909f56bfc062723c751e8b465ee728b)  -> (artifact id: 'b40de46364a3e3a076367ed41924e398') in 0.030703 seconds 
  Import took 0.036056 seconds .

========================================================================
Received Import Request.
  Time since last request: 0.000385 seconds.
  path: Assets/STYLIZED - FREE Drift Car/Prefabs/RTI/RTI_Midnight.prefab
  artifactKey: Guid(c2122042d3617904387e81f77f9d136b) Importer(815301076,1909f56bfc062723c751e8b465ee728b)
Start importing Assets/STYLIZED - FREE Drift Car/Prefabs/RTI/RTI_Midnight.prefab using Guid(c2122042d3617904387e81f77f9d136b) Importer(815301076,1909f56bfc062723c751e8b465ee728b)  -> (artifact id: 'f32fbd671af33b7554ec54d15122452c') in 0.029127 seconds 
  Import took 0.034583 seconds .

========================================================================
Received Import Request.
  Time since last request: 0.000408 seconds.
  path: Assets/STYLIZED - FREE Drift Car/Prefabs/RTI/RTI_Gray.prefab
  artifactKey: Guid(4451c7d9583da4941901eaa5cfaee8ef) Importer(815301076,1909f56bfc062723c751e8b465ee728b)
Start importing Assets/STYLIZED - FREE Drift Car/Prefabs/RTI/RTI_Gray.prefab using Guid(4451c7d9583da4941901eaa5cfaee8ef) Importer(815301076,1909f56bfc062723c751e8b465ee728b)  -> (artifact id: 'bf9e52dcfc92325402396006b5504bd4') in 0.033038 seconds 
  Import took 0.039671 seconds .

========================================================================
Received Import Request.
  Time since last request: 0.000392 seconds.
  path: Assets/STYLIZED - FREE Drift Car/Prefabs/RTI/RTI_Red.prefab
  artifactKey: Guid(9b0dd12705317ed4e97c9b8ec0575948) Importer(815301076,1909f56bfc062723c751e8b465ee728b)
Start importing Assets/STYLIZED - FREE Drift Car/Prefabs/RTI/RTI_Red.prefab using Guid(9b0dd12705317ed4e97c9b8ec0575948) Importer(815301076,1909f56bfc062723c751e8b465ee728b)  -> (artifact id: '0a683bbbcab8c0913e603bbd32069bf8') in 0.032683 seconds 
  Import took 0.038872 seconds .

========================================================================
Received Import Request.
  Time since last request: 0.000378 seconds.
  path: Assets/STYLIZED - FREE Drift Car/Prefabs/RTI/RTI_Orange.prefab
  artifactKey: Guid(103c636634d3cbb48b7ab43e78bc13b2) Importer(815301076,1909f56bfc062723c751e8b465ee728b)
Start importing Assets/STYLIZED - FREE Drift Car/Prefabs/RTI/RTI_Orange.prefab using Guid(103c636634d3cbb48b7ab43e78bc13b2) Importer(815301076,1909f56bfc062723c751e8b465ee728b)  -> (artifact id: 'a3e0ea8e3a98ef50d225c50f21e92272') in 0.029642 seconds 
  Import took 0.035319 seconds .

========================================================================
Received Prepare
Registering precompiled user dll's ...
Registered in 0.007009 seconds.
Begin MonoManager ReloadAssembly
Native extension for WindowsStandalone target not found
Refreshing native plugins compatible for Editor in 0.65 ms, found 2 plugins.
Preloading 0 native plugins for Editor in 0.00 ms.
Mono: successfully reloaded assembly
- Completed reload, in  1.767 seconds
Domain Reload Profiling:
	ReloadAssembly (1768ms)
		BeginReloadAssembly (189ms)
			ExecutionOrderSort (0ms)
			DisableScriptedObjects (8ms)
			BackupInstance (0ms)
			ReleaseScriptingObjects (0ms)
			CreateAndSetChildDomain (54ms)
		EndReloadAssembly (1457ms)
			LoadAssemblies (176ms)
			RebuildTransferFunctionScriptingTraits (0ms)
			SetupTypeCache (503ms)
			ReleaseScriptCaches (2ms)
			RebuildScriptCaches (70ms)
			SetupLoadedEditorAssemblies (524ms)
				LogAssemblyErrors (0ms)
				InitializePlatformSupportModulesInManaged (10ms)
				SetLoadedEditorAssemblies (1ms)
				RefreshPlugins (1ms)
				BeforeProcessingInitializeOnLoad (136ms)
				ProcessInitializeOnLoadAttributes (347ms)
				ProcessInitializeOnLoadMethodAttributes (17ms)
				AfterProcessingInitializeOnLoad (11ms)
				EditorAssembliesLoaded (0ms)
			ExecutionOrderSort2 (0ms)
			AwakeInstancesAfterBackupRestoration (12ms)
Platform modules already initialized, skipping
Refreshing native plugins compatible for Editor in 0.66 ms, found 2 plugins.
Preloading 0 native plugins for Editor in 0.00 ms.
Unloading 1508 Unused Serialized files (Serialized files now loaded: 0)
System memory in use before: 73.0 MB.
System memory in use after: 73.1 MB.

Unloading 14 unused Assets to reduce memory usage. Loaded Objects now: 2000.
Total: 5.147800 ms (FindLiveObjects: 0.238000 ms CreateObjectMapping: 0.068500 ms MarkObjects: 4.805900 ms  DeleteObjects: 0.033600 ms)

AssetImportParameters requested are different than current active one (requested -> active):
  custom:framework-win-MediaFoundation: 216162199b28c13a410421893ffa2e32 -> 
  custom:video-decoder-ogg-theora: a1e56fd34408186e4bbccfd4996cb3dc -> 
  custom:container-muxer-webm: aa71ff27fc2769a1b78a27578f13a17b -> 
  custom:container-demuxer-webm: 4f35f7cbe854078d1ac9338744f61a02 -> 
  custom:container-demuxer-ogg: 62fdf1f143b41e24485cea50d1cbac27 -> 
  custom:video-encoder-webm-vp8: eb34c28f22e8b96e1ab97ce403110664 -> 
  custom:video-decoder-webm-vp8: 9c59270c3fd7afecdb556c50c9e8de78 -> 
  custom:audio-decoder-ogg-vorbis: bf7c407c2cedff20999df2af8eb42d56 -> 
  custom:audio-encoder-webm-vorbis: bf7c407c2cedff20999df2af8eb42d56 -> 
========================================================================
Received Prepare
Registering precompiled user dll's ...
Registered in 0.008536 seconds.
Begin MonoManager ReloadAssembly
Native extension for WindowsStandalone target not found
Refreshing native plugins compatible for Editor in 1.16 ms, found 2 plugins.
Preloading 0 native plugins for Editor in 0.00 ms.
Mono: successfully reloaded assembly
- Completed reload, in  2.363 seconds
Domain Reload Profiling:
	ReloadAssembly (2365ms)
		BeginReloadAssembly (307ms)
			ExecutionOrderSort (0ms)
			DisableScriptedObjects (12ms)
			BackupInstance (0ms)
			ReleaseScriptingObjects (0ms)
			CreateAndSetChildDomain (75ms)
		EndReloadAssembly (1900ms)
			LoadAssemblies (296ms)
			RebuildTransferFunctionScriptingTraits (0ms)
			SetupTypeCache (696ms)
			ReleaseScriptCaches (2ms)
			RebuildScriptCaches (81ms)
			SetupLoadedEditorAssemblies (679ms)
				LogAssemblyErrors (0ms)
				InitializePlatformSupportModulesInManaged (14ms)
				SetLoadedEditorAssemblies (2ms)
				RefreshPlugins (1ms)
				BeforeProcessingInitializeOnLoad (183ms)
				ProcessInitializeOnLoadAttributes (445ms)
				ProcessInitializeOnLoadMethodAttributes (20ms)
				AfterProcessingInitializeOnLoad (13ms)
				EditorAssembliesLoaded (1ms)
			ExecutionOrderSort2 (0ms)
			AwakeInstancesAfterBackupRestoration (16ms)
Platform modules already initialized, skipping
Refreshing native plugins compatible for Editor in 0.89 ms, found 2 plugins.
Preloading 0 native plugins for Editor in 0.00 ms.
Unloading 1508 Unused Serialized files (Serialized files now loaded: 0)
System memory in use before: 73.0 MB.
System memory in use after: 73.1 MB.

Unloading 14 unused Assets to reduce memory usage. Loaded Objects now: 2002.
Total: 6.722200 ms (FindLiveObjects: 0.344500 ms CreateObjectMapping: 0.110800 ms MarkObjects: 6.226400 ms  DeleteObjects: 0.038300 ms)

AssetImportParameters requested are different than current active one (requested -> active):
  custom:framework-win-MediaFoundation: 216162199b28c13a410421893ffa2e32 -> 
  custom:video-decoder-ogg-theora: a1e56fd34408186e4bbccfd4996cb3dc -> 
  custom:container-muxer-webm: aa71ff27fc2769a1b78a27578f13a17b -> 
  custom:container-demuxer-webm: 4f35f7cbe854078d1ac9338744f61a02 -> 
  custom:container-demuxer-ogg: 62fdf1f143b41e24485cea50d1cbac27 -> 
  custom:video-encoder-webm-vp8: eb34c28f22e8b96e1ab97ce403110664 -> 
  custom:video-decoder-webm-vp8: 9c59270c3fd7afecdb556c50c9e8de78 -> 
  custom:audio-decoder-ogg-vorbis: bf7c407c2cedff20999df2af8eb42d56 -> 
  custom:audio-encoder-webm-vorbis: bf7c407c2cedff20999df2af8eb42d56 -> 
AssetImportWorkerClient::OnTransportError - code=2 error=End of file
